<?xml version="1.0" encoding="UTF-8"?>
<testsuite name="com.sh.usercare.db.service.UserServiceIntegrationTest" time="1.116" tests="13" errors="0" skipped="2" failures="0">
  <properties>
[...]
</properties>
  <testcase name="saveUserPermissions" classname="com.sh.usercare.db.service.UserServiceIntegrationTest" time="0.516"/>
  <testcase name="getProjectUserByUsername" classname="com.sh.usercare.db.service.UserServiceIntegrationTest" time="0.031"/>
  <testcase name="getProjectStaff" classname="com.sh.usercare.db.service.UserServiceIntegrationTest" time="0.062"/>
  <testcase name="deleteUserPermissions" classname="com.sh.usercare.db.service.UserServiceIntegrationTest" time="0.081"/>
  <testcase name="getProjectUserById" classname="com.sh.usercare.db.service.UserServiceIntegrationTest" time="0.02"/>
  <testcase name="getUserByEmail" classname="com.sh.usercare.db.service.UserServiceIntegrationTest" time="0.033"/>
  <testcase name="createLogin" classname="com.sh.usercare.db.service.UserServiceIntegrationTest" time="0.186"/>
  <testcase name="findByProviderAndAccessToken" classname="com.sh.usercare.db.service.UserServiceIntegrationTest" time="0">
    <skipped/>
  </testcase>
  <testcase name="getUser" classname="com.sh.usercare.db.service.UserServiceIntegrationTest" time="0.081"/>
  <testcase name="getUserPermission" classname="com.sh.usercare.db.service.UserServiceIntegrationTest" time="0.019"/>
  <testcase name="getUsersList" classname="com.sh.usercare.db.service.UserServiceIntegrationTest" time="0.051"/>
  <testcase name="saveProfile" classname="com.sh.usercare.db.service.UserServiceIntegrationTest" time="0.036"/>
  <testcase name="updateOAuthToken" classname="com.sh.usercare.db.service.UserServiceIntegrationTest" time="0">
    <skipped/>
  </testcase>
</testsuite>